[INFO  - 2021-05-23T02:48:07.923Z] GhostDriver - Main - running on port 56737
[INFO  - 2021-05-23T02:48:09.991Z] Session [4f3983c0-bb71-11eb-b5c7-d3b2ba5b3681] - page.settings - {"XSSAuditingEnabled":false,"javascriptCanCloseWindows":true,"javascriptCanOpenWindows":true,"javascriptEnabled":true,"loadImages":true,"localToRemoteUrlAccessEnabled":false,"userAgent":"Mozilla/5.0 (Windows NT 6.2; WOW64) AppleWebKit/538.1 (KHTML, like Gecko) PhantomJS/2.1.1 Safari/538.1","webSecurityEnabled":true}
[INFO  - 2021-05-23T02:48:09.991Z] Session [4f3983c0-bb71-11eb-b5c7-d3b2ba5b3681] - page.customHeaders:  - {}
[INFO  - 2021-05-23T02:48:09.991Z] Session [4f3983c0-bb71-11eb-b5c7-d3b2ba5b3681] - Session.negotiatedCapabilities - {"browserName":"phantomjs","version":"2.1.1","driverName":"ghostdriver","driverVersion":"1.2.0","platform":"windows-10-32bit","javascriptEnabled":true,"takesScreenshot":true,"handlesAlerts":false,"databaseEnabled":false,"locationContextEnabled":false,"applicationCacheEnabled":false,"browserConnectionEnabled":false,"cssSelectorsEnabled":true,"webStorageEnabled":false,"rotatable":false,"acceptSslCerts":false,"nativeEvents":true,"proxy":{"proxyType":"direct"}}
[INFO  - 2021-05-23T02:48:09.992Z] SessionManagerReqHand - _postNewSessionCommand - New Session Created: 4f3983c0-bb71-11eb-b5c7-d3b2ba5b3681
[ERROR - 2021-05-23T02:48:15.260Z] WebElementLocator - _handleLocateCommand - Element(s) NOT Found: GAVE UP. Search Stop Time: 1621738095236

  phantomjs://platform/console++.js:263 in error
[ERROR - 2021-05-23T02:48:16.143Z] WebElementLocator - _handleLocateCommand - Element(s) NOT Found: GAVE UP. Search Stop Time: 1621738096140

  phantomjs://platform/console++.js:263 in error
[ERROR - 2021-05-23T02:48:16.973Z] WebElementLocator - _handleLocateCommand - Element(s) NOT Found: GAVE UP. Search Stop Time: 1621738096969

  phantomjs://platform/console++.js:263 in error
[ERROR - 2021-05-23T02:48:17.872Z] WebElementLocator - _handleLocateCommand - Element(s) NOT Found: GAVE UP. Search Stop Time: 1621738097825

  phantomjs://platform/console++.js:263 in error
[ERROR - 2021-05-23T02:48:18.753Z] WebElementLocator - _handleLocateCommand - Element(s) NOT Found: GAVE UP. Search Stop Time: 1621738098706

  phantomjs://platform/console++.js:263 in error
[ERROR - 2021-05-23T02:48:19.557Z] WebElementLocator - _handleLocateCommand - Element(s) NOT Found: GAVE UP. Search Stop Time: 1621738099556

  phantomjs://platform/console++.js:263 in error
[ERROR - 2021-05-23T02:48:20.428Z] WebElementLocator - _handleLocateCommand - Element(s) NOT Found: GAVE UP. Search Stop Time: 1621738100391

  phantomjs://platform/console++.js:263 in error
[ERROR - 2021-05-23T02:48:21.298Z] WebElementLocator - _handleLocateCommand - Element(s) NOT Found: GAVE UP. Search Stop Time: 1621738101242

  phantomjs://platform/console++.js:263 in error
[ERROR - 2021-05-23T02:48:22.113Z] WebElementLocator - _handleLocateCommand - Element(s) NOT Found: GAVE UP. Search Stop Time: 1621738102110

  phantomjs://platform/console++.js:263 in error
[ERROR - 2021-05-23T02:48:22.929Z] WebElementLocator - _handleLocateCommand - Element(s) NOT Found: GAVE UP. Search Stop Time: 1621738102926

  phantomjs://platform/console++.js:263 in error
[ERROR - 2021-05-23T02:48:23.814Z] WebElementLocator - _handleLocateCommand - Element(s) NOT Found: GAVE UP. Search Stop Time: 1621738103765

  phantomjs://platform/console++.js:263 in error
[ERROR - 2021-05-23T02:48:24.668Z] WebElementLocator - _handleLocateCommand - Element(s) NOT Found: GAVE UP. Search Stop Time: 1621738104665

  phantomjs://platform/console++.js:263 in error
